<?xml version="1.0" encoding="UTF-8"?>
<testng-results ignored="0" total="1" passed="1" failed="0" skipped="0">
  <reporter-output>
  </reporter-output>
  <suite started-at="2024-09-25T10:56:44 MDT" name="Default suite" finished-at="2024-09-25T10:57:07 MDT" duration-ms="23363">
    <groups>
    </groups>
    <test started-at="2024-09-25T10:56:44 MDT" name="Default test" finished-at="2024-09-25T10:57:07 MDT" duration-ms="23363">
      <class name="seliniumPackage.WindowControlsUsingAutoiIT">
        <test-method signature="uploadFile()[pri:0, instance:seliniumPackage.WindowControlsUsingAutoiIT@c430e6c]" started-at="2024-09-25T10:56:44 MDT" name="uploadFile" finished-at="2024-09-25T10:57:07 MDT" duration-ms="23234" status="PASS">
          <reporter-output>
          </reporter-output>
        </test-method> <!-- uploadFile -->
      </class> <!-- seliniumPackage.WindowControlsUsingAutoiIT -->
    </test> <!-- Default test -->
  </suite> <!-- Default suite -->
</testng-results>
